[17-Feb-2025 17:18:01 UTC] PHP Fatal error:  Cannot redeclare get_questionnaire() (previously declared in /var/www/html/application/helpers/converter_helper.php:18) in /var/www/html/application/helpers/converter_helper.php on line 28
[17-Feb-2025 17:18:22 UTC] PHP Fatal error:  Cannot redeclare get_questionnaire() (previously declared in /var/www/html/application/helpers/converter_helper.php:18) in /var/www/html/application/helpers/converter_helper.php on line 28
[17-Feb-2025 17:19:09 UTC] PHP Fatal error:  Cannot redeclare get_questionnaire() (previously declared in /var/www/html/application/helpers/converter_helper.php:18) in /var/www/html/application/helpers/converter_helper.php on line 28
[17-Feb-2025 17:19:33 UTC] PHP Fatal error:  Cannot redeclare get_questionnaire() (previously declared in /var/www/html/application/helpers/converter_helper.php:18) in /var/www/html/application/helpers/converter_helper.php on line 28
[17-Feb-2025 17:20:05 UTC] PHP Fatal error:  Cannot redeclare get_questionnaire() (previously declared in /var/www/html/application/helpers/converter_helper.php:18) in /var/www/html/application/helpers/converter_helper.php on line 28
[20-Feb-2025 03:17:05 UTC] PHP Warning:  Constant AUTH_ENCRYPT_SALT already defined in /var/www/html/application/config/constants.php on line 96
[20-Feb-2025 03:18:10 UTC] PHP Warning:  Constant AUTH_ENCRYPT_SALT already defined in /var/www/html/application/config/constants.php on line 96
[20-Feb-2025 03:19:15 UTC] PHP Warning:  Constant AUTH_ENCRYPT_SALT already defined in /var/www/html/application/config/constants.php on line 96
[20-Feb-2025 03:19:32 UTC] PHP Warning:  Constant AUTH_ENCRYPT_SALT already defined in /var/www/html/application/config/constants.php on line 96
[20-Feb-2025 03:20:35 UTC] PHP Warning:  Constant AUTH_ENCRYPT_SALT already defined in /var/www/html/application/config/constants.php on line 96
[20-Feb-2025 03:23:18 UTC] PHP Warning:  Constant AUTH_ENCRYPT_SALT already defined in /var/www/html/application/config/constants.php on line 96
[20-Feb-2025 03:24:28 UTC] PHP Warning:  Constant AUTH_ENCRYPT_SALT already defined in /var/www/html/application/config/constants.php on line 96
[20-Feb-2025 06:36:51 UTC] PHP Warning:  Constant AUTH_ENCRYPT_SALT already defined in /var/www/html/application/config/constants.php on line 96
[20-Feb-2025 15:53:12 UTC] PHP Warning:  Constant AUTH_ENCRYPT_SALT already defined in /var/www/html/application/config/constants.php on line 96
[20-Feb-2025 16:01:10 UTC] PHP Warning:  Constant AUTH_ENCRYPT_SALT already defined in /var/www/html/application/config/constants.php on line 96
[20-Feb-2025 16:01:48 UTC] PHP Warning:  Constant AUTH_ENCRYPT_SALT already defined in /var/www/html/application/config/constants.php on line 96
[20-Feb-2025 16:05:57 UTC] PHP Warning:  Constant AUTH_ENCRYPT_SALT already defined in /var/www/html/application/config/constants.php on line 96
[20-Feb-2025 16:06:31 UTC] PHP Warning:  Constant AUTH_ENCRYPT_SALT already defined in /var/www/html/application/config/constants.php on line 96
[20-Feb-2025 16:07:38 UTC] PHP Warning:  Constant AUTH_ENCRYPT_SALT already defined in /var/www/html/application/config/constants.php on line 96
[20-Feb-2025 16:08:54 UTC] PHP Warning:  Constant AUTH_ENCRYPT_SALT already defined in /var/www/html/application/config/constants.php on line 96
[20-Feb-2025 16:10:44 UTC] PHP Warning:  Constant AUTH_ENCRYPT_SALT already defined in /var/www/html/application/config/constants.php on line 96
[20-Feb-2025 16:17:13 UTC] PHP Warning:  Constant AUTH_ENCRYPT_SALT already defined in /var/www/html/application/config/constants.php on line 96
[20-Feb-2025 16:22:08 UTC] PHP Warning:  Constant AUTH_ENCRYPT_SALT already defined in /var/www/html/application/config/constants.php on line 96
[20-Feb-2025 16:23:11 UTC] PHP Warning:  Constant AUTH_ENCRYPT_SALT already defined in /var/www/html/application/config/constants.php on line 96
[20-Feb-2025 16:25:50 UTC] PHP Warning:  Constant AUTH_ENCRYPT_SALT already defined in /var/www/html/application/config/constants.php on line 96
[20-Feb-2025 16:26:04 UTC] PHP Warning:  Constant AUTH_ENCRYPT_SALT already defined in /var/www/html/application/config/constants.php on line 96
[20-Feb-2025 16:26:22 UTC] PHP Warning:  Constant AUTH_ENCRYPT_SALT already defined in /var/www/html/application/config/constants.php on line 96
[20-Feb-2025 16:28:38 UTC] PHP Warning:  Constant AUTH_ENCRYPT_SALT already defined in /var/www/html/application/config/constants.php on line 96
[20-Feb-2025 16:29:24 UTC] PHP Warning:  Constant AUTH_ENCRYPT_SALT already defined in /var/www/html/application/config/constants.php on line 96
[20-Feb-2025 16:31:30 UTC] PHP Warning:  Constant AUTH_ENCRYPT_SALT already defined in /var/www/html/application/config/constants.php on line 96
[20-Feb-2025 16:31:47 UTC] PHP Warning:  Constant AUTH_ENCRYPT_SALT already defined in /var/www/html/application/config/constants.php on line 96
[20-Feb-2025 16:33:26 UTC] PHP Warning:  Constant AUTH_ENCRYPT_SALT already defined in /var/www/html/application/config/constants.php on line 96
[21-Feb-2025 08:15:07 UTC] PHP Warning:  Constant AUTH_ENCRYPT_SALT already defined in /var/www/html/application/config/constants.php on line 96
[21-Feb-2025 10:21:59 UTC] PHP Warning:  Constant AUTH_ENCRYPT_SALT already defined in /var/www/html/application/config/constants.php on line 96
[21-Feb-2025 10:23:22 UTC] PHP Warning:  Constant AUTH_ENCRYPT_SALT already defined in /var/www/html/application/config/constants.php on line 96
[21-Feb-2025 10:23:50 UTC] PHP Warning:  Constant AUTH_ENCRYPT_SALT already defined in /var/www/html/application/config/constants.php on line 96
[21-Feb-2025 10:24:26 UTC] PHP Warning:  Constant AUTH_ENCRYPT_SALT already defined in /var/www/html/application/config/constants.php on line 96
[21-Feb-2025 10:24:39 UTC] PHP Warning:  Constant AUTH_ENCRYPT_SALT already defined in /var/www/html/application/config/constants.php on line 96
[21-Feb-2025 10:25:27 UTC] PHP Warning:  Constant AUTH_ENCRYPT_SALT already defined in /var/www/html/application/config/constants.php on line 96
[21-Feb-2025 10:32:00 UTC] PHP Warning:  Constant AUTH_ENCRYPT_SALT already defined in /var/www/html/application/config/constants.php on line 96
[21-Feb-2025 10:32:41 UTC] PHP Warning:  Constant AUTH_ENCRYPT_SALT already defined in /var/www/html/application/config/constants.php on line 96
[21-Feb-2025 10:37:52 UTC] PHP Warning:  Constant AUTH_ENCRYPT_SALT already defined in /var/www/html/application/config/constants.php on line 96
[21-Feb-2025 10:38:25 UTC] PHP Warning:  Constant AUTH_ENCRYPT_SALT already defined in /var/www/html/application/config/constants.php on line 96
[21-Feb-2025 10:40:49 UTC] PHP Warning:  Constant AUTH_ENCRYPT_SALT already defined in /var/www/html/application/config/constants.php on line 96
[21-Feb-2025 10:43:12 UTC] PHP Warning:  Constant AUTH_ENCRYPT_SALT already defined in /var/www/html/application/config/constants.php on line 96
[21-Feb-2025 10:45:00 UTC] PHP Warning:  Constant AUTH_ENCRYPT_SALT already defined in /var/www/html/application/config/constants.php on line 96
[21-Feb-2025 10:45:48 UTC] PHP Warning:  Constant AUTH_ENCRYPT_SALT already defined in /var/www/html/application/config/constants.php on line 96
[21-Feb-2025 10:48:36 UTC] PHP Warning:  Constant AUTH_ENCRYPT_SALT already defined in /var/www/html/application/config/constants.php on line 96
[21-Feb-2025 10:50:49 UTC] PHP Warning:  Constant AUTH_ENCRYPT_SALT already defined in /var/www/html/application/config/constants.php on line 96
[21-Feb-2025 10:51:49 UTC] PHP Warning:  Constant AUTH_ENCRYPT_SALT already defined in /var/www/html/application/config/constants.php on line 96
[21-Feb-2025 10:52:16 UTC] PHP Warning:  Constant AUTH_ENCRYPT_SALT already defined in /var/www/html/application/config/constants.php on line 96
[21-Feb-2025 10:56:19 UTC] PHP Warning:  Constant AUTH_ENCRYPT_SALT already defined in /var/www/html/application/config/constants.php on line 96
[21-Feb-2025 10:56:19 UTC] [INFO] Config Class Initialized
[21-Feb-2025 10:56:19 UTC] [INFO] Hooks Class Initialized
[21-Feb-2025 10:56:19 UTC] [DEBUG] UTF-8 Support Enabled
[21-Feb-2025 10:56:19 UTC] [INFO] Utf8 Class Initialized
[21-Feb-2025 10:56:19 UTC] [INFO] URI Class Initialized
[21-Feb-2025 10:56:19 UTC] [INFO] Router Class Initialized
[21-Feb-2025 10:56:19 UTC] [INFO] Output Class Initialized
[21-Feb-2025 10:56:19 UTC] [INFO] Security Class Initialized
[21-Feb-2025 10:56:19 UTC] [DEBUG] Global POST, GET and COOKIE data sanitized
[21-Feb-2025 10:56:19 UTC] [INFO] Input Class Initialized
[21-Feb-2025 10:56:19 UTC] [INFO] Language Class Initialized
[21-Feb-2025 10:56:19 UTC] [INFO] Loader Class Initialized
[21-Feb-2025 10:56:19 UTC] [ERROR] Severity: Warning --> The use statement with non-compound name 'Sentry' has no effect /var/www/html/application/libraries/Logger.php 11
[21-Feb-2025 10:56:19 UTC] [INFO] Controller Class Initialized
[21-Feb-2025 10:56:19 UTC] [INFO] Helper loaded: converter_helper
[21-Feb-2025 10:56:19 UTC] [DEBUG] Config file loaded: /var/www/html/application/config/logging.php
[21-Feb-2025 10:56:22 UTC] [LOG] hi
[21-Feb-2025 10:56:22 UTC] [LOG] hiii
[21-Feb-2025 10:56:22 UTC] [ERROR] Severity: Warning --> Undefined array key "callback_method" /var/www/html/application/helpers/converter_helper.php 72
[21-Feb-2025 10:56:25 UTC] [INFO] Final output sent to browser
[21-Feb-2025 10:56:25 UTC] [DEBUG] Total execution time: 5.6676
[21-Feb-2025 10:56:39 UTC] PHP Warning:  Constant AUTH_ENCRYPT_SALT already defined in /var/www/html/application/config/constants.php on line 96
[21-Feb-2025 10:56:39 UTC] [INFO] Config Class Initialized
[21-Feb-2025 10:56:39 UTC] [INFO] Hooks Class Initialized
[21-Feb-2025 10:56:39 UTC] [DEBUG] UTF-8 Support Enabled
[21-Feb-2025 10:56:39 UTC] [INFO] Utf8 Class Initialized
[21-Feb-2025 10:56:39 UTC] [INFO] URI Class Initialized
[21-Feb-2025 10:56:39 UTC] [INFO] Router Class Initialized
[21-Feb-2025 10:56:39 UTC] [INFO] Output Class Initialized
[21-Feb-2025 10:56:39 UTC] [INFO] Security Class Initialized
[21-Feb-2025 10:56:39 UTC] [DEBUG] Global POST, GET and COOKIE data sanitized
[21-Feb-2025 10:56:39 UTC] [INFO] Input Class Initialized
[21-Feb-2025 10:56:39 UTC] [INFO] Language Class Initialized
[21-Feb-2025 10:56:39 UTC] [INFO] Loader Class Initialized
[21-Feb-2025 10:56:39 UTC] [ERROR] Severity: Warning --> The use statement with non-compound name 'Sentry' has no effect /var/www/html/application/libraries/Logger.php 11
[21-Feb-2025 10:56:39 UTC] [INFO] Controller Class Initialized
[21-Feb-2025 10:56:39 UTC] [INFO] Helper loaded: converter_helper
[21-Feb-2025 10:56:39 UTC] [DEBUG] Config file loaded: /var/www/html/application/config/logging.php
[21-Feb-2025 10:57:02 UTC] [LOG] hi
[21-Feb-2025 10:57:49 UTC] PHP Warning:  Constant AUTH_ENCRYPT_SALT already defined in /var/www/html/application/config/constants.php on line 96
[21-Feb-2025 10:59:16 UTC] PHP Warning:  Constant AUTH_ENCRYPT_SALT already defined in /var/www/html/application/config/constants.php on line 96
[21-Feb-2025 11:03:21 UTC] PHP Warning:  Constant AUTH_ENCRYPT_SALT already defined in /var/www/html/application/config/constants.php on line 96
[22-Feb-2025 12:40:03 UTC] PHP Warning:  Constant AUTH_ENCRYPT_SALT already defined in /var/www/html/application/config/constants.php on line 96
[22-Feb-2025 12:54:04 UTC] PHP Warning:  Constant AUTH_ENCRYPT_SALT already defined in /var/www/html/application/config/constants.php on line 96
[22-Feb-2025 12:54:04 UTC] PHP Fatal error:  Uncaught Error: Undefined constant "STDOUT" in /var/www/html/system/core/Common.php:469
Stack trace:
#0 /var/www/html/system/core/Exceptions.php(106): log_message('error', 'Severity: error...')
#1 /var/www/html/system/core/Common.php(654): CI_Exceptions->log_exception('error', 'Exception: Unde...', '/var/www/html/s...', 469)
#2 [internal function]: _exception_handler(Object(Error))
#3 {main}
  thrown in /var/www/html/system/core/Common.php on line 469
[22-Feb-2025 12:54:04 UTC] PHP Fatal error:  Uncaught Error: Undefined constant "STDOUT" in /var/www/html/system/core/Common.php:469
Stack trace:
#0 /var/www/html/system/core/Exceptions.php(106): log_message('error', 'Severity: Error...')
#1 /var/www/html/system/core/Common.php(619): CI_Exceptions->log_exception('Error', 'Uncaught Error:...', '/var/www/html/s...', 469)
#2 /var/www/html/system/core/Common.php(690): _error_handler(1, 'Uncaught Error:...', '/var/www/html/s...', 469)
#3 [internal function]: _shutdown_handler()
#4 {main}
  thrown in /var/www/html/system/core/Common.php on line 469
[22-Feb-2025 12:54:56 UTC] PHP Warning:  Constant AUTH_ENCRYPT_SALT already defined in /var/www/html/application/config/constants.php on line 96
[22-Feb-2025 12:54:56 UTC] PHP Fatal error:  Uncaught Error: Undefined constant "STDOUT" in /var/www/html/system/core/Common.php:469
Stack trace:
#0 /var/www/html/system/core/Exceptions.php(106): log_message('error', 'Severity: error...')
#1 /var/www/html/system/core/Common.php(654): CI_Exceptions->log_exception('error', 'Exception: Unde...', '/var/www/html/s...', 469)
#2 [internal function]: _exception_handler(Object(Error))
#3 {main}
  thrown in /var/www/html/system/core/Common.php on line 469
[22-Feb-2025 12:54:56 UTC] PHP Fatal error:  Uncaught Error: Undefined constant "STDOUT" in /var/www/html/system/core/Common.php:469
Stack trace:
#0 /var/www/html/system/core/Exceptions.php(106): log_message('error', 'Severity: Error...')
#1 /var/www/html/system/core/Common.php(619): CI_Exceptions->log_exception('Error', 'Uncaught Error:...', '/var/www/html/s...', 469)
#2 /var/www/html/system/core/Common.php(690): _error_handler(1, 'Uncaught Error:...', '/var/www/html/s...', 469)
#3 [internal function]: _shutdown_handler()
#4 {main}
  thrown in /var/www/html/system/core/Common.php on line 469
[22-Feb-2025 12:55:31 UTC] PHP Warning:  Constant AUTH_ENCRYPT_SALT already defined in /var/www/html/application/config/constants.php on line 96
[22-Feb-2025 12:55:43 UTC] PHP Warning:  Constant AUTH_ENCRYPT_SALT already defined in /var/www/html/application/config/constants.php on line 96
[22-Feb-2025 12:55:43 UTC] PHP Fatal error:  Uncaught Error: Undefined constant "STDOUT" in /var/www/html/system/core/Common.php:469
Stack trace:
#0 /var/www/html/system/core/Exceptions.php(106): log_message('error', 'Severity: error...')
#1 /var/www/html/system/core/Common.php(654): CI_Exceptions->log_exception('error', 'Exception: Unde...', '/var/www/html/s...', 469)
#2 [internal function]: _exception_handler(Object(Error))
#3 {main}
  thrown in /var/www/html/system/core/Common.php on line 469
[22-Feb-2025 12:55:43 UTC] PHP Fatal error:  Uncaught Error: Undefined constant "STDOUT" in /var/www/html/system/core/Common.php:469
Stack trace:
#0 /var/www/html/system/core/Exceptions.php(106): log_message('error', 'Severity: Error...')
#1 /var/www/html/system/core/Common.php(619): CI_Exceptions->log_exception('Error', 'Uncaught Error:...', '/var/www/html/s...', 469)
#2 /var/www/html/system/core/Common.php(690): _error_handler(1, 'Uncaught Error:...', '/var/www/html/s...', 469)
#3 [internal function]: _shutdown_handler()
#4 {main}
  thrown in /var/www/html/system/core/Common.php on line 469
[22-Feb-2025 12:55:53 UTC] PHP Warning:  Constant AUTH_ENCRYPT_SALT already defined in /var/www/html/application/config/constants.php on line 96
[22-Feb-2025 13:02:31 UTC] PHP Warning:  Constant AUTH_ENCRYPT_SALT already defined in /var/www/html/application/config/constants.php on line 96
[22-Feb-2025 13:03:57 UTC] PHP Warning:  Constant AUTH_ENCRYPT_SALT already defined in /var/www/html/application/config/constants.php on line 96
[22-Feb-2025 13:12:06 UTC] PHP Warning:  Constant AUTH_ENCRYPT_SALT already defined in /var/www/html/application/config/constants.php on line 96
[22-Feb-2025 13:12:06 UTC] PHP Warning:  Undefined array key "log_stdout" in /var/www/html/system/core/Log.php on line 130
[22-Feb-2025 13:21:39 UTC] PHP Warning:  Constant AUTH_ENCRYPT_SALT already defined in /var/www/html/application/config/constants.php on line 96
[22-Feb-2025 13:21:39 UTC] PHP Warning:  Undefined array key "log_stdout" in /var/www/html/system/core/Log.php on line 130
[22-Feb-2025 13:24:07 UTC] PHP Warning:  Constant AUTH_ENCRYPT_SALT already defined in /var/www/html/application/config/constants.php on line 96
[22-Feb-2025 13:24:07 UTC] PHP Warning:  Undefined array key "log_stdout" in /var/www/html/system/core/Log.php on line 130
[22-Feb-2025 13:24:26 UTC] PHP Warning:  Constant AUTH_ENCRYPT_SALT already defined in /var/www/html/application/config/constants.php on line 96
[22-Feb-2025 13:24:26 UTC] PHP Warning:  Undefined array key "log_stdout" in /var/www/html/system/core/Log.php on line 130
[25-Feb-2025 10:21:02 UTC] PHP Warning:  Constant AUTH_ENCRYPT_SALT already defined in /var/www/html/application/config/constants.php on line 96
[25-Feb-2025 10:21:02 UTC] PHP Warning:  Undefined array key "log_stdout" in /var/www/html/system/core/Log.php on line 130
[25-Feb-2025 10:22:44 UTC] PHP Warning:  Constant AUTH_ENCRYPT_SALT already defined in /var/www/html/application/config/constants.php on line 96
[25-Feb-2025 10:22:44 UTC] PHP Warning:  Undefined array key "log_stdout" in /var/www/html/system/core/Log.php on line 130
[25-Feb-2025 10:36:23 UTC] PHP Warning:  Constant AUTH_ENCRYPT_SALT already defined in /var/www/html/application/config/constants.php on line 96
[25-Feb-2025 10:36:23 UTC] PHP Warning:  Undefined array key "log_stdout" in /var/www/html/system/core/Log.php on line 130
[25-Feb-2025 10:36:58 UTC] PHP Warning:  Constant AUTH_ENCRYPT_SALT already defined in /var/www/html/application/config/constants.php on line 96
[25-Feb-2025 10:36:58 UTC] PHP Warning:  Undefined array key "log_stdout" in /var/www/html/system/core/Log.php on line 130
[25-Feb-2025 10:45:20 UTC] PHP Warning:  Constant AUTH_ENCRYPT_SALT already defined in /var/www/html/application/config/constants.php on line 96
[25-Feb-2025 10:45:20 UTC] PHP Warning:  Undefined array key "log_stdout" in /var/www/html/system/core/Log.php on line 130
[25-Feb-2025 10:47:36 UTC] PHP Warning:  Constant AUTH_ENCRYPT_SALT already defined in /var/www/html/application/config/constants.php on line 96
[25-Feb-2025 10:47:36 UTC] PHP Warning:  Undefined array key "log_stdout" in /var/www/html/system/core/Log.php on line 130
[25-Feb-2025 10:50:09 UTC] PHP Warning:  Constant AUTH_ENCRYPT_SALT already defined in /var/www/html/application/config/constants.php on line 96
[25-Feb-2025 10:50:09 UTC] PHP Warning:  Undefined array key "log_stdout" in /var/www/html/system/core/Log.php on line 130
[25-Feb-2025 10:55:04 UTC] PHP Warning:  Constant AUTH_ENCRYPT_SALT already defined in /var/www/html/application/config/constants.php on line 96
[25-Feb-2025 10:55:04 UTC] PHP Warning:  Undefined array key "log_stdout" in /var/www/html/system/core/Log.php on line 130
[25-Feb-2025 10:57:05 UTC] PHP Warning:  Constant AUTH_ENCRYPT_SALT already defined in /var/www/html/application/config/constants.php on line 96
[25-Feb-2025 10:57:05 UTC] PHP Warning:  Undefined array key "log_stdout" in /var/www/html/system/core/Log.php on line 130
[25-Feb-2025 11:00:04 UTC] PHP Warning:  Constant AUTH_ENCRYPT_SALT already defined in /var/www/html/application/config/constants.php on line 96
[25-Feb-2025 11:00:04 UTC] PHP Warning:  Undefined array key "log_stdout" in /var/www/html/system/core/Log.php on line 130
[25-Feb-2025 11:02:38 UTC] PHP Warning:  Constant AUTH_ENCRYPT_SALT already defined in /var/www/html/application/config/constants.php on line 96
[25-Feb-2025 11:02:38 UTC] PHP Warning:  Undefined array key "log_stdout" in /var/www/html/system/core/Log.php on line 130
[25-Feb-2025 11:05:50 UTC] PHP Warning:  Constant AUTH_ENCRYPT_SALT already defined in /var/www/html/application/config/constants.php on line 96
[25-Feb-2025 11:05:50 UTC] PHP Warning:  Undefined array key "log_stdout" in /var/www/html/system/core/Log.php on line 130
[25-Feb-2025 11:06:01 UTC] PHP Warning:  Constant AUTH_ENCRYPT_SALT already defined in /var/www/html/application/config/constants.php on line 96
[25-Feb-2025 11:06:01 UTC] PHP Warning:  Undefined array key "log_stdout" in /var/www/html/system/core/Log.php on line 130
[25-Feb-2025 16:28:17 UTC] PHP Warning:  Constant AUTH_ENCRYPT_SALT already defined in /var/www/html/application/config/constants.php on line 96
[25-Feb-2025 16:28:17 UTC] PHP Warning:  Undefined array key "log_stdout" in /var/www/html/system/core/Log.php on line 130
[25-Feb-2025 16:31:35 UTC] PHP Warning:  Constant AUTH_ENCRYPT_SALT already defined in /var/www/html/application/config/constants.php on line 96
[25-Feb-2025 16:31:35 UTC] PHP Warning:  Undefined array key "log_stdout" in /var/www/html/system/core/Log.php on line 130
[25-Feb-2025 16:34:03 UTC] PHP Warning:  Constant AUTH_ENCRYPT_SALT already defined in /var/www/html/application/config/constants.php on line 96
[25-Feb-2025 16:34:03 UTC] PHP Warning:  Undefined array key "log_stdout" in /var/www/html/system/core/Log.php on line 130
[25-Feb-2025 16:35:19 UTC] PHP Warning:  Constant AUTH_ENCRYPT_SALT already defined in /var/www/html/application/config/constants.php on line 96
[25-Feb-2025 16:35:19 UTC] PHP Warning:  Undefined array key "log_stdout" in /var/www/html/system/core/Log.php on line 130
[25-Feb-2025 16:35:34 UTC] PHP Warning:  Constant AUTH_ENCRYPT_SALT already defined in /var/www/html/application/config/constants.php on line 96
[25-Feb-2025 16:35:34 UTC] PHP Warning:  Undefined array key "log_stdout" in /var/www/html/system/core/Log.php on line 130
[25-Feb-2025 16:36:14 UTC] PHP Warning:  Constant AUTH_ENCRYPT_SALT already defined in /var/www/html/application/config/constants.php on line 96
[25-Feb-2025 16:36:14 UTC] PHP Warning:  Undefined array key "log_stdout" in /var/www/html/system/core/Log.php on line 130
[25-Feb-2025 16:36:30 UTC] PHP Warning:  Constant AUTH_ENCRYPT_SALT already defined in /var/www/html/application/config/constants.php on line 96
[25-Feb-2025 16:36:30 UTC] PHP Warning:  Undefined array key "log_stdout" in /var/www/html/system/core/Log.php on line 130
[25-Feb-2025 16:37:22 UTC] PHP Warning:  Constant AUTH_ENCRYPT_SALT already defined in /var/www/html/application/config/constants.php on line 96
[25-Feb-2025 16:37:22 UTC] PHP Warning:  Undefined array key "log_stdout" in /var/www/html/system/core/Log.php on line 130
[25-Feb-2025 16:38:52 UTC] PHP Warning:  Constant AUTH_ENCRYPT_SALT already defined in /var/www/html/application/config/constants.php on line 96
[25-Feb-2025 16:38:52 UTC] PHP Warning:  Undefined array key "log_stdout" in /var/www/html/system/core/Log.php on line 130
[25-Feb-2025 16:38:55 UTC] PHP Warning:  Constant AUTH_ENCRYPT_SALT already defined in /var/www/html/application/config/constants.php on line 96
[25-Feb-2025 16:38:55 UTC] PHP Warning:  Undefined array key "log_stdout" in /var/www/html/system/core/Log.php on line 130
[25-Feb-2025 16:38:57 UTC] PHP Warning:  Constant AUTH_ENCRYPT_SALT already defined in /var/www/html/application/config/constants.php on line 96
[25-Feb-2025 16:38:57 UTC] PHP Warning:  Undefined array key "log_stdout" in /var/www/html/system/core/Log.php on line 130
[25-Feb-2025 16:39:17 UTC] PHP Warning:  Constant AUTH_ENCRYPT_SALT already defined in /var/www/html/application/config/constants.php on line 96
[25-Feb-2025 16:39:17 UTC] PHP Warning:  Undefined array key "log_stdout" in /var/www/html/system/core/Log.php on line 130
[25-Feb-2025 16:39:20 UTC] PHP Warning:  Constant AUTH_ENCRYPT_SALT already defined in /var/www/html/application/config/constants.php on line 96
[25-Feb-2025 16:39:20 UTC] PHP Warning:  Undefined array key "log_stdout" in /var/www/html/system/core/Log.php on line 130
[25-Feb-2025 16:39:27 UTC] PHP Warning:  Constant AUTH_ENCRYPT_SALT already defined in /var/www/html/application/config/constants.php on line 96
[25-Feb-2025 16:39:27 UTC] PHP Warning:  Undefined array key "log_stdout" in /var/www/html/system/core/Log.php on line 130
[25-Feb-2025 16:39:29 UTC] PHP Warning:  Constant AUTH_ENCRYPT_SALT already defined in /var/www/html/application/config/constants.php on line 96
[25-Feb-2025 16:39:29 UTC] PHP Warning:  Undefined array key "log_stdout" in /var/www/html/system/core/Log.php on line 130
[25-Feb-2025 16:40:13 UTC] PHP Warning:  Constant AUTH_ENCRYPT_SALT already defined in /var/www/html/application/config/constants.php on line 96
[25-Feb-2025 16:40:13 UTC] PHP Warning:  Undefined array key "log_stdout" in /var/www/html/system/core/Log.php on line 130
[25-Feb-2025 16:40:15 UTC] PHP Warning:  Constant AUTH_ENCRYPT_SALT already defined in /var/www/html/application/config/constants.php on line 96
[25-Feb-2025 16:40:15 UTC] PHP Warning:  Undefined array key "log_stdout" in /var/www/html/system/core/Log.php on line 130
[26-Feb-2025 05:09:59 UTC] PHP Warning:  Constant AUTH_ENCRYPT_SALT already defined in /var/www/html/application/config/constants.php on line 96
[26-Feb-2025 05:09:59 UTC] PHP Warning:  Undefined array key "log_stdout" in /var/www/html/system/core/Log.php on line 130
[26-Feb-2025 05:10:06 UTC] PHP Warning:  Constant AUTH_ENCRYPT_SALT already defined in /var/www/html/application/config/constants.php on line 96
[26-Feb-2025 05:10:06 UTC] PHP Warning:  Undefined array key "log_stdout" in /var/www/html/system/core/Log.php on line 130
[26-Feb-2025 05:26:34 UTC] PHP Warning:  Constant AUTH_ENCRYPT_SALT already defined in /var/www/html/application/config/constants.php on line 96
[26-Feb-2025 05:26:34 UTC] PHP Warning:  Undefined array key "log_stdout" in /var/www/html/system/core/Log.php on line 130
[26-Feb-2025 05:28:00 UTC] PHP Warning:  Constant AUTH_ENCRYPT_SALT already defined in /var/www/html/application/config/constants.php on line 96
[26-Feb-2025 05:28:00 UTC] PHP Warning:  Undefined array key "log_stdout" in /var/www/html/system/core/Log.php on line 130
[26-Feb-2025 05:56:05 UTC] PHP Warning:  Constant AUTH_ENCRYPT_SALT already defined in /var/www/html/application/config/constants.php on line 96
[26-Feb-2025 05:56:05 UTC] PHP Warning:  Undefined array key "log_stdout" in /var/www/html/system/core/Log.php on line 130
[26-Feb-2025 05:56:25 UTC] PHP Warning:  Constant AUTH_ENCRYPT_SALT already defined in /var/www/html/application/config/constants.php on line 96
[26-Feb-2025 05:56:25 UTC] PHP Warning:  Undefined array key "log_stdout" in /var/www/html/system/core/Log.php on line 130
[26-Feb-2025 05:57:14 UTC] PHP Warning:  Constant AUTH_ENCRYPT_SALT already defined in /var/www/html/application/config/constants.php on line 96
[26-Feb-2025 05:57:14 UTC] PHP Warning:  Undefined array key "log_stdout" in /var/www/html/system/core/Log.php on line 130
[26-Feb-2025 05:58:21 UTC] PHP Warning:  Constant AUTH_ENCRYPT_SALT already defined in /var/www/html/application/config/constants.php on line 96
[26-Feb-2025 05:58:21 UTC] PHP Warning:  Undefined array key "log_stdout" in /var/www/html/system/core/Log.php on line 130
[26-Feb-2025 05:58:25 UTC] PHP Warning:  Constant AUTH_ENCRYPT_SALT already defined in /var/www/html/application/config/constants.php on line 96
[26-Feb-2025 05:58:25 UTC] PHP Warning:  Undefined array key "log_stdout" in /var/www/html/system/core/Log.php on line 130
[26-Feb-2025 05:59:54 UTC] PHP Warning:  Constant AUTH_ENCRYPT_SALT already defined in /var/www/html/application/config/constants.php on line 96
[26-Feb-2025 05:59:54 UTC] PHP Warning:  Undefined array key "log_stdout" in /var/www/html/system/core/Log.php on line 130
[26-Feb-2025 06:02:11 UTC] PHP Warning:  Constant AUTH_ENCRYPT_SALT already defined in /var/www/html/application/config/constants.php on line 96
[26-Feb-2025 06:02:11 UTC] PHP Warning:  Undefined array key "log_stdout" in /var/www/html/system/core/Log.php on line 130
[26-Feb-2025 06:02:38 UTC] PHP Warning:  Constant AUTH_ENCRYPT_SALT already defined in /var/www/html/application/config/constants.php on line 96
[26-Feb-2025 06:02:38 UTC] PHP Warning:  Undefined array key "log_stdout" in /var/www/html/system/core/Log.php on line 130
[26-Feb-2025 06:03:23 UTC] PHP Warning:  Constant AUTH_ENCRYPT_SALT already defined in /var/www/html/application/config/constants.php on line 96
[26-Feb-2025 06:03:23 UTC] PHP Warning:  Undefined array key "log_stdout" in /var/www/html/system/core/Log.php on line 130
[26-Feb-2025 06:03:43 UTC] PHP Warning:  Constant AUTH_ENCRYPT_SALT already defined in /var/www/html/application/config/constants.php on line 96
[26-Feb-2025 06:03:43 UTC] PHP Warning:  Undefined array key "log_stdout" in /var/www/html/system/core/Log.php on line 130
[26-Feb-2025 06:04:56 UTC] PHP Warning:  Constant AUTH_ENCRYPT_SALT already defined in /var/www/html/application/config/constants.php on line 96
[26-Feb-2025 06:04:56 UTC] PHP Warning:  Undefined array key "log_stdout" in /var/www/html/system/core/Log.php on line 130
[26-Feb-2025 06:05:16 UTC] PHP Warning:  Constant AUTH_ENCRYPT_SALT already defined in /var/www/html/application/config/constants.php on line 96
[26-Feb-2025 06:05:16 UTC] PHP Warning:  Undefined array key "log_stdout" in /var/www/html/system/core/Log.php on line 130
[26-Feb-2025 06:06:28 UTC] PHP Warning:  Constant AUTH_ENCRYPT_SALT already defined in /var/www/html/application/config/constants.php on line 96
[26-Feb-2025 06:06:28 UTC] PHP Warning:  Undefined array key "log_stdout" in /var/www/html/system/core/Log.php on line 130
[26-Feb-2025 06:07:08 UTC] PHP Warning:  Constant AUTH_ENCRYPT_SALT already defined in /var/www/html/application/config/constants.php on line 96
[26-Feb-2025 06:07:08 UTC] PHP Warning:  Undefined array key "log_stdout" in /var/www/html/system/core/Log.php on line 130
[26-Feb-2025 06:07:57 UTC] PHP Warning:  Constant AUTH_ENCRYPT_SALT already defined in /var/www/html/application/config/constants.php on line 96
[26-Feb-2025 06:07:57 UTC] PHP Warning:  Undefined array key "log_stdout" in /var/www/html/system/core/Log.php on line 130
[26-Feb-2025 06:09:02 UTC] PHP Warning:  Constant AUTH_ENCRYPT_SALT already defined in /var/www/html/application/config/constants.php on line 96
[26-Feb-2025 06:09:02 UTC] PHP Warning:  Undefined array key "log_stdout" in /var/www/html/system/core/Log.php on line 130
[26-Feb-2025 06:18:54 UTC] PHP Warning:  Constant AUTH_ENCRYPT_SALT already defined in /var/www/html/application/config/constants.php on line 96
[26-Feb-2025 06:18:54 UTC] PHP Warning:  Undefined array key "log_stdout" in /var/www/html/system/core/Log.php on line 130
[26-Feb-2025 06:19:10 UTC] PHP Warning:  Constant AUTH_ENCRYPT_SALT already defined in /var/www/html/application/config/constants.php on line 96
[26-Feb-2025 06:19:10 UTC] PHP Warning:  Undefined array key "log_stdout" in /var/www/html/system/core/Log.php on line 130
[26-Feb-2025 06:20:05 UTC] PHP Warning:  Constant AUTH_ENCRYPT_SALT already defined in /var/www/html/application/config/constants.php on line 96
[26-Feb-2025 06:20:05 UTC] PHP Warning:  Undefined array key "log_stdout" in /var/www/html/system/core/Log.php on line 130
[26-Feb-2025 06:21:08 UTC] PHP Warning:  Constant AUTH_ENCRYPT_SALT already defined in /var/www/html/application/config/constants.php on line 96
[26-Feb-2025 06:21:08 UTC] PHP Warning:  Undefined array key "log_stdout" in /var/www/html/system/core/Log.php on line 130
[26-Feb-2025 06:24:49 UTC] PHP Warning:  Constant AUTH_ENCRYPT_SALT already defined in /var/www/html/application/config/constants.php on line 96
[26-Feb-2025 06:24:49 UTC] PHP Warning:  Undefined array key "log_stdout" in /var/www/html/system/core/Log.php on line 130
[27-Feb-2025 01:59:27 UTC] PHP Warning:  Constant AUTH_ENCRYPT_SALT already defined in /var/www/html/application/config/constants.php on line 96
[27-Feb-2025 01:59:27 UTC] PHP Warning:  Undefined array key "log_stdout" in /var/www/html/system/core/Log.php on line 130
[27-Feb-2025 02:03:29 UTC] PHP Warning:  Constant AUTH_ENCRYPT_SALT already defined in /var/www/html/application/config/constants.php on line 96
[27-Feb-2025 02:03:29 UTC] PHP Warning:  Undefined array key "log_stdout" in /var/www/html/system/core/Log.php on line 130
[27-Feb-2025 02:10:26 UTC] PHP Warning:  Constant AUTH_ENCRYPT_SALT already defined in /var/www/html/application/config/constants.php on line 96
[27-Feb-2025 02:10:26 UTC] PHP Warning:  Undefined array key "log_stdout" in /var/www/html/system/core/Log.php on line 130
[27-Feb-2025 02:18:53 UTC] PHP Warning:  Constant AUTH_ENCRYPT_SALT already defined in /var/www/html/application/config/constants.php on line 96
[27-Feb-2025 02:18:53 UTC] PHP Warning:  Undefined array key "log_stdout" in /var/www/html/system/core/Log.php on line 130
[27-Feb-2025 02:20:47 UTC] PHP Warning:  Constant AUTH_ENCRYPT_SALT already defined in /var/www/html/application/config/constants.php on line 96
[27-Feb-2025 02:20:47 UTC] PHP Warning:  Undefined array key "log_stdout" in /var/www/html/system/core/Log.php on line 130
[27-Feb-2025 02:25:17 UTC] PHP Warning:  Constant AUTH_ENCRYPT_SALT already defined in /var/www/html/application/config/constants.php on line 96
[27-Feb-2025 02:25:17 UTC] PHP Warning:  Undefined array key "log_stdout" in /var/www/html/system/core/Log.php on line 130
[27-Feb-2025 02:26:28 UTC] PHP Warning:  Constant AUTH_ENCRYPT_SALT already defined in /var/www/html/application/config/constants.php on line 96
[27-Feb-2025 02:26:28 UTC] PHP Warning:  Undefined array key "log_stdout" in /var/www/html/system/core/Log.php on line 130
[27-Feb-2025 02:26:37 UTC] PHP Warning:  Constant AUTH_ENCRYPT_SALT already defined in /var/www/html/application/config/constants.php on line 96
[27-Feb-2025 02:26:37 UTC] PHP Warning:  Undefined array key "log_stdout" in /var/www/html/system/core/Log.php on line 130
[27-Feb-2025 02:27:49 UTC] PHP Warning:  Constant AUTH_ENCRYPT_SALT already defined in /var/www/html/application/config/constants.php on line 96
[27-Feb-2025 02:27:49 UTC] PHP Warning:  Undefined array key "log_stdout" in /var/www/html/system/core/Log.php on line 130
[27-Feb-2025 02:28:35 UTC] PHP Warning:  Constant AUTH_ENCRYPT_SALT already defined in /var/www/html/application/config/constants.php on line 96
[27-Feb-2025 02:28:35 UTC] PHP Warning:  Undefined array key "log_stdout" in /var/www/html/system/core/Log.php on line 130
[27-Feb-2025 02:42:45 UTC] PHP Warning:  Constant AUTH_ENCRYPT_SALT already defined in /var/www/html/application/config/constants.php on line 96
[27-Feb-2025 02:42:45 UTC] PHP Warning:  Undefined array key "log_stdout" in /var/www/html/system/core/Log.php on line 130
[27-Feb-2025 02:42:55 UTC] PHP Warning:  Constant AUTH_ENCRYPT_SALT already defined in /var/www/html/application/config/constants.php on line 96
[27-Feb-2025 02:42:55 UTC] PHP Warning:  Undefined array key "log_stdout" in /var/www/html/system/core/Log.php on line 130
[27-Feb-2025 02:43:05 UTC] PHP Warning:  Constant AUTH_ENCRYPT_SALT already defined in /var/www/html/application/config/constants.php on line 96
[27-Feb-2025 02:43:05 UTC] PHP Warning:  Undefined array key "log_stdout" in /var/www/html/system/core/Log.php on line 130
[27-Feb-2025 02:43:36 UTC] PHP Warning:  Constant AUTH_ENCRYPT_SALT already defined in /var/www/html/application/config/constants.php on line 96
[27-Feb-2025 02:43:36 UTC] PHP Warning:  Undefined array key "log_stdout" in /var/www/html/system/core/Log.php on line 130
[27-Feb-2025 02:44:19 UTC] PHP Warning:  Constant AUTH_ENCRYPT_SALT already defined in /var/www/html/application/config/constants.php on line 96
[27-Feb-2025 02:44:19 UTC] PHP Warning:  Undefined array key "log_stdout" in /var/www/html/system/core/Log.php on line 130
[27-Feb-2025 02:44:53 UTC] PHP Warning:  Constant AUTH_ENCRYPT_SALT already defined in /var/www/html/application/config/constants.php on line 96
[27-Feb-2025 02:44:53 UTC] PHP Warning:  Undefined array key "log_stdout" in /var/www/html/system/core/Log.php on line 130
[27-Feb-2025 02:45:04 UTC] PHP Warning:  Constant AUTH_ENCRYPT_SALT already defined in /var/www/html/application/config/constants.php on line 96
[27-Feb-2025 02:45:04 UTC] PHP Warning:  Undefined array key "log_stdout" in /var/www/html/system/core/Log.php on line 130
[27-Feb-2025 02:45:11 UTC] PHP Warning:  Constant AUTH_ENCRYPT_SALT already defined in /var/www/html/application/config/constants.php on line 96
[27-Feb-2025 02:45:11 UTC] PHP Warning:  Undefined array key "log_stdout" in /var/www/html/system/core/Log.php on line 130
[27-Feb-2025 02:45:16 UTC] PHP Warning:  Constant AUTH_ENCRYPT_SALT already defined in /var/www/html/application/config/constants.php on line 96
[27-Feb-2025 02:45:16 UTC] PHP Warning:  Undefined array key "log_stdout" in /var/www/html/system/core/Log.php on line 130
[27-Feb-2025 02:47:04 UTC] PHP Warning:  Constant AUTH_ENCRYPT_SALT already defined in /var/www/html/application/config/constants.php on line 96
[27-Feb-2025 02:47:04 UTC] PHP Warning:  Undefined array key "log_stdout" in /var/www/html/system/core/Log.php on line 130
[27-Feb-2025 03:15:24 UTC] PHP Warning:  Constant AUTH_ENCRYPT_SALT already defined in /var/www/html/application/config/constants.php on line 96
[27-Feb-2025 03:15:24 UTC] PHP Warning:  Undefined array key "log_stdout" in /var/www/html/system/core/Log.php on line 130
[27-Feb-2025 03:15:26 UTC] PHP Warning:  Constant AUTH_ENCRYPT_SALT already defined in /var/www/html/application/config/constants.php on line 96
[27-Feb-2025 03:15:26 UTC] PHP Warning:  Undefined array key "log_stdout" in /var/www/html/system/core/Log.php on line 130
[27-Feb-2025 03:16:33 UTC] PHP Warning:  Constant AUTH_ENCRYPT_SALT already defined in /var/www/html/application/config/constants.php on line 96
[27-Feb-2025 03:16:33 UTC] PHP Warning:  Undefined array key "log_stdout" in /var/www/html/system/core/Log.php on line 130
[27-Feb-2025 03:16:37 UTC] PHP Warning:  Constant AUTH_ENCRYPT_SALT already defined in /var/www/html/application/config/constants.php on line 96
[27-Feb-2025 03:16:37 UTC] PHP Warning:  Undefined array key "log_stdout" in /var/www/html/system/core/Log.php on line 130
[27-Feb-2025 03:17:37 UTC] PHP Warning:  Constant AUTH_ENCRYPT_SALT already defined in /var/www/html/application/config/constants.php on line 96
[27-Feb-2025 03:17:37 UTC] PHP Warning:  Undefined array key "log_stdout" in /var/www/html/system/core/Log.php on line 130
[27-Feb-2025 03:17:39 UTC] PHP Warning:  Constant AUTH_ENCRYPT_SALT already defined in /var/www/html/application/config/constants.php on line 96
[27-Feb-2025 03:17:39 UTC] PHP Warning:  Undefined array key "log_stdout" in /var/www/html/system/core/Log.php on line 130
[27-Feb-2025 03:17:41 UTC] PHP Warning:  Constant AUTH_ENCRYPT_SALT already defined in /var/www/html/application/config/constants.php on line 96
[27-Feb-2025 03:17:41 UTC] PHP Warning:  Undefined array key "log_stdout" in /var/www/html/system/core/Log.php on line 130
[27-Feb-2025 03:18:08 UTC] PHP Warning:  Constant AUTH_ENCRYPT_SALT already defined in /var/www/html/application/config/constants.php on line 96
[27-Feb-2025 03:18:08 UTC] PHP Warning:  Undefined array key "log_stdout" in /var/www/html/system/core/Log.php on line 130
[27-Feb-2025 03:18:39 UTC] PHP Warning:  Constant AUTH_ENCRYPT_SALT already defined in /var/www/html/application/config/constants.php on line 96
[27-Feb-2025 03:18:39 UTC] PHP Warning:  Undefined array key "log_stdout" in /var/www/html/system/core/Log.php on line 130
[27-Feb-2025 03:18:46 UTC] PHP Warning:  Constant AUTH_ENCRYPT_SALT already defined in /var/www/html/application/config/constants.php on line 96
[27-Feb-2025 03:18:46 UTC] PHP Warning:  Undefined array key "log_stdout" in /var/www/html/system/core/Log.php on line 130
[27-Feb-2025 03:18:55 UTC] PHP Warning:  Constant AUTH_ENCRYPT_SALT already defined in /var/www/html/application/config/constants.php on line 96
[27-Feb-2025 03:18:55 UTC] PHP Warning:  Undefined array key "log_stdout" in /var/www/html/system/core/Log.php on line 130
[27-Feb-2025 03:18:57 UTC] PHP Warning:  Constant AUTH_ENCRYPT_SALT already defined in /var/www/html/application/config/constants.php on line 96
[27-Feb-2025 03:18:57 UTC] PHP Warning:  Undefined array key "log_stdout" in /var/www/html/system/core/Log.php on line 130
[27-Feb-2025 03:18:59 UTC] PHP Warning:  Constant AUTH_ENCRYPT_SALT already defined in /var/www/html/application/config/constants.php on line 96
[27-Feb-2025 03:18:59 UTC] PHP Warning:  Undefined array key "log_stdout" in /var/www/html/system/core/Log.php on line 130
[27-Feb-2025 03:19:05 UTC] PHP Warning:  Constant AUTH_ENCRYPT_SALT already defined in /var/www/html/application/config/constants.php on line 96
[27-Feb-2025 03:19:05 UTC] PHP Warning:  Undefined array key "log_stdout" in /var/www/html/system/core/Log.php on line 130
[27-Feb-2025 03:19:31 UTC] PHP Warning:  Constant AUTH_ENCRYPT_SALT already defined in /var/www/html/application/config/constants.php on line 96
[27-Feb-2025 03:19:31 UTC] PHP Warning:  Undefined array key "log_stdout" in /var/www/html/system/core/Log.php on line 130
[27-Feb-2025 03:19:33 UTC] PHP Warning:  Constant AUTH_ENCRYPT_SALT already defined in /var/www/html/application/config/constants.php on line 96
[27-Feb-2025 03:19:33 UTC] PHP Warning:  Undefined array key "log_stdout" in /var/www/html/system/core/Log.php on line 130
[27-Feb-2025 03:22:18 UTC] PHP Warning:  Constant AUTH_ENCRYPT_SALT already defined in /var/www/html/application/config/constants.php on line 96
[27-Feb-2025 03:22:18 UTC] PHP Warning:  Undefined array key "log_stdout" in /var/www/html/system/core/Log.php on line 130
[27-Feb-2025 03:22:29 UTC] PHP Warning:  Constant AUTH_ENCRYPT_SALT already defined in /var/www/html/application/config/constants.php on line 96
[27-Feb-2025 03:22:29 UTC] PHP Warning:  Undefined array key "log_stdout" in /var/www/html/system/core/Log.php on line 130
[27-Feb-2025 03:22:42 UTC] PHP Warning:  Constant AUTH_ENCRYPT_SALT already defined in /var/www/html/application/config/constants.php on line 96
[27-Feb-2025 03:22:42 UTC] PHP Warning:  Undefined array key "log_stdout" in /var/www/html/system/core/Log.php on line 130
[27-Feb-2025 03:22:46 UTC] PHP Warning:  Constant AUTH_ENCRYPT_SALT already defined in /var/www/html/application/config/constants.php on line 96
[27-Feb-2025 03:22:46 UTC] PHP Warning:  Undefined array key "log_stdout" in /var/www/html/system/core/Log.php on line 130
[27-Feb-2025 03:22:48 UTC] PHP Warning:  Constant AUTH_ENCRYPT_SALT already defined in /var/www/html/application/config/constants.php on line 96
[27-Feb-2025 03:22:48 UTC] PHP Warning:  Undefined array key "log_stdout" in /var/www/html/system/core/Log.php on line 130
[27-Feb-2025 03:22:50 UTC] PHP Warning:  Constant AUTH_ENCRYPT_SALT already defined in /var/www/html/application/config/constants.php on line 96
[27-Feb-2025 03:22:50 UTC] PHP Warning:  Undefined array key "log_stdout" in /var/www/html/system/core/Log.php on line 130
[27-Feb-2025 03:22:53 UTC] PHP Warning:  Constant AUTH_ENCRYPT_SALT already defined in /var/www/html/application/config/constants.php on line 96
[27-Feb-2025 03:22:53 UTC] PHP Warning:  Undefined array key "log_stdout" in /var/www/html/system/core/Log.php on line 130
[27-Feb-2025 03:22:56 UTC] PHP Warning:  Constant AUTH_ENCRYPT_SALT already defined in /var/www/html/application/config/constants.php on line 96
[27-Feb-2025 03:22:56 UTC] PHP Warning:  Undefined array key "log_stdout" in /var/www/html/system/core/Log.php on line 130
[27-Feb-2025 03:23:00 UTC] PHP Warning:  Constant AUTH_ENCRYPT_SALT already defined in /var/www/html/application/config/constants.php on line 96
[27-Feb-2025 03:23:00 UTC] PHP Warning:  Undefined array key "log_stdout" in /var/www/html/system/core/Log.php on line 130
[27-Feb-2025 03:23:02 UTC] PHP Warning:  Constant AUTH_ENCRYPT_SALT already defined in /var/www/html/application/config/constants.php on line 96
[27-Feb-2025 03:23:02 UTC] PHP Warning:  Undefined array key "log_stdout" in /var/www/html/system/core/Log.php on line 130
[27-Feb-2025 03:23:04 UTC] PHP Warning:  Constant AUTH_ENCRYPT_SALT already defined in /var/www/html/application/config/constants.php on line 96
[27-Feb-2025 03:23:04 UTC] PHP Warning:  Undefined array key "log_stdout" in /var/www/html/system/core/Log.php on line 130
[27-Feb-2025 03:23:24 UTC] PHP Warning:  Constant AUTH_ENCRYPT_SALT already defined in /var/www/html/application/config/constants.php on line 96
[27-Feb-2025 03:23:24 UTC] PHP Warning:  Undefined array key "log_stdout" in /var/www/html/system/core/Log.php on line 130
[27-Feb-2025 03:23:55 UTC] PHP Warning:  Constant AUTH_ENCRYPT_SALT already defined in /var/www/html/application/config/constants.php on line 96
[27-Feb-2025 03:23:55 UTC] PHP Warning:  Undefined array key "log_stdout" in /var/www/html/system/core/Log.php on line 130
[27-Feb-2025 03:23:57 UTC] PHP Warning:  Constant AUTH_ENCRYPT_SALT already defined in /var/www/html/application/config/constants.php on line 96
[27-Feb-2025 03:23:57 UTC] PHP Warning:  Undefined array key "log_stdout" in /var/www/html/system/core/Log.php on line 130
[27-Feb-2025 03:24:01 UTC] PHP Warning:  Constant AUTH_ENCRYPT_SALT already defined in /var/www/html/application/config/constants.php on line 96
[27-Feb-2025 03:24:01 UTC] PHP Warning:  Undefined array key "log_stdout" in /var/www/html/system/core/Log.php on line 130
[27-Feb-2025 03:24:14 UTC] PHP Warning:  Constant AUTH_ENCRYPT_SALT already defined in /var/www/html/application/config/constants.php on line 96
[27-Feb-2025 03:24:14 UTC] PHP Warning:  Constant AUTH_ENCRYPT_SALT already defined in /var/www/html/application/config/constants.php on line 96
[27-Feb-2025 03:24:14 UTC] PHP Warning:  Undefined array key "log_stdout" in /var/www/html/system/core/Log.php on line 130
[27-Feb-2025 03:24:14 UTC] PHP Warning:  Undefined array key "log_stdout" in /var/www/html/system/core/Log.php on line 130
[27-Feb-2025 03:24:17 UTC] PHP Warning:  Constant AUTH_ENCRYPT_SALT already defined in /var/www/html/application/config/constants.php on line 96
[27-Feb-2025 03:24:17 UTC] PHP Warning:  Undefined array key "log_stdout" in /var/www/html/system/core/Log.php on line 130
[27-Feb-2025 03:24:18 UTC] PHP Warning:  Constant AUTH_ENCRYPT_SALT already defined in /var/www/html/application/config/constants.php on line 96
[27-Feb-2025 03:24:18 UTC] PHP Warning:  Undefined array key "log_stdout" in /var/www/html/system/core/Log.php on line 130
[27-Feb-2025 03:44:11 UTC] PHP Warning:  Constant AUTH_ENCRYPT_SALT already defined in /var/www/html/application/config/constants.php on line 96
[27-Feb-2025 03:44:11 UTC] PHP Warning:  Undefined array key "log_stdout" in /var/www/html/system/core/Log.php on line 130
[27-Feb-2025 03:44:14 UTC] PHP Warning:  Constant AUTH_ENCRYPT_SALT already defined in /var/www/html/application/config/constants.php on line 96
[27-Feb-2025 03:44:14 UTC] PHP Warning:  Undefined array key "log_stdout" in /var/www/html/system/core/Log.php on line 130
[27-Feb-2025 03:44:26 UTC] PHP Warning:  Constant AUTH_ENCRYPT_SALT already defined in /var/www/html/application/config/constants.php on line 96
[27-Feb-2025 03:44:26 UTC] PHP Warning:  Undefined array key "log_stdout" in /var/www/html/system/core/Log.php on line 130
[27-Feb-2025 03:44:37 UTC] PHP Warning:  Constant AUTH_ENCRYPT_SALT already defined in /var/www/html/application/config/constants.php on line 96
[27-Feb-2025 03:44:37 UTC] PHP Warning:  Undefined array key "log_stdout" in /var/www/html/system/core/Log.php on line 130
[27-Feb-2025 03:44:55 UTC] PHP Warning:  Constant AUTH_ENCRYPT_SALT already defined in /var/www/html/application/config/constants.php on line 96
[27-Feb-2025 03:44:55 UTC] PHP Warning:  Undefined array key "log_stdout" in /var/www/html/system/core/Log.php on line 130
[27-Feb-2025 03:45:00 UTC] PHP Warning:  Constant AUTH_ENCRYPT_SALT already defined in /var/www/html/application/config/constants.php on line 96
[27-Feb-2025 03:45:00 UTC] PHP Warning:  Undefined array key "log_stdout" in /var/www/html/system/core/Log.php on line 130
